<?xml version="1.0" encoding="UTF-8"?>
<!-- Generated by org.testng.reporters.JUnitReportReporter -->
<testsuite hostname="DESKTOP-NK8MU45" failures="0" tests="4" name="com.ecommerce.tests.TC01_IndexPage" time="14.842" errors="0" timestamp="2023-01-13T19:47:46 IST" skipped="0">
  <testcase classname="com.ecommerce.tests.TC01_IndexPage" name="RegistrationbtnTest" time="4.637"/>
  <system-out/>
  <testcase classname="com.ecommerce.tests.TC01_IndexPage" name="verifyTitle" time="5.687"/>
  <system-out/>
  <testcase classname="com.ecommerce.tests.TC01_IndexPage" name="validateDisplayLogo" time="2.299"/>
  <system-out/>
  <testcase classname="com.ecommerce.tests.TC01_IndexPage" name="verifyLogoText" time="2.219"/>
  <system-out/>
</testsuite> <!-- com.ecommerce.tests.TC01_IndexPage -->
