<?xml version="1.0" encoding="UTF-8"?>
<!-- Generated by org.testng.reporters.JUnitReportReporter -->
<testsuite hostname="DESKTOP-NK8MU45" failures="0" tests="2" name="Hashmap" time="0.021" errors="0" timestamp="2023-01-18T16:13:17 IST" skipped="0">
  <testcase classname="Hashmap" name="integrationTest" time="0.010"/>
  <system-out/>
  <testcase classname="Hashmap" name="integrationTest" time="0.011"/>
  <system-out/>
</testsuite> <!-- Hashmap -->
