<?xml version="1.0" encoding="UTF-8"?>
<!-- Generated by org.testng.reporters.JUnitReportReporter -->
<testsuite hostname="Admin" failures="0" tests="2" name="com.ecommerce.test.RegistrationPageTest" time="21.891" errors="0" timestamp="2023-02-02T21:40:09 IST" skipped="0">
  <testcase classname="com.ecommerce.test.RegistrationPageTest" name="validateRegistration" time="9.504"/>
  <system-out/>
  <testcase classname="com.ecommerce.test.RegistrationPageTest" name="validateRegistration" time="12.387"/>
  <system-out/>
</testsuite> <!-- com.ecommerce.test.RegistrationPageTest -->
