<?xml version="1.0" encoding="UTF-8"?>
<!-- Generated by org.testng.reporters.JUnitReportReporter -->
<testsuite hostname="DESKTOP-NK8MU45" failures="0" tests="4" name="com.ecommerce.tests.IndexPageTest" time="14.136" errors="0" timestamp="2023-01-12T17:25:14 IST" skipped="0">
  <testcase classname="com.ecommerce.tests.IndexPageTest" name="RegistrationbtnTest" time="3.005"/>
  <system-out/>
  <testcase classname="com.ecommerce.tests.IndexPageTest" name="verifyTitle" time="3.149"/>
  <system-out/>
  <testcase classname="com.ecommerce.tests.IndexPageTest" name="validateDisplayLogo" time="5.677"/>
  <system-out/>
  <testcase classname="com.ecommerce.tests.IndexPageTest" name="verifyLogoText" time="2.305"/>
  <system-out/>
</testsuite> <!-- com.ecommerce.tests.IndexPageTest -->
