<?xml version="1.0" encoding="UTF-8"?>
<!-- Generated by org.testng.reporters.JUnitReportReporter -->
<testsuite hostname="Admin" failures="0" tests="4" name="com.ecommerce.test.IndexPageTest" time="13.969" errors="0" timestamp="2023-01-24T02:42:05 IST" skipped="0">
  <testcase classname="com.ecommerce.test.IndexPageTest" name="RegistrationbtnTest" time="3.193"/>
  <system-out/>
  <testcase classname="com.ecommerce.test.IndexPageTest" name="verifyTitle" time="2.475"/>
  <system-out/>
  <testcase classname="com.ecommerce.test.IndexPageTest" name="verifyLogoText" time="2.442"/>
  <system-out/>
  <testcase classname="com.ecommerce.test.IndexPageTest" name="validateDisplayLogo" time="5.859"/>
  <system-out/>
</testsuite> <!-- com.ecommerce.test.IndexPageTest -->
