<?xml version="1.0" encoding="UTF-8"?>
<!-- Generated by org.testng.reporters.JUnitReportReporter -->
<testsuite hostname="Admin" failures="0" tests="3" name="Test_BeforeTestAndBeforeMethod" time="0.038" errors="0" timestamp="2023-02-07T17:12:26 IST" skipped="0">
  <testcase classname="Test_BeforeTestAndBeforeMethod" name="secondTest" time="0.012"/>
  <system-out/>
  <testcase classname="Test_BeforeTestAndBeforeMethod" name="firstTest" time="0.016"/>
  <system-out/>
  <testcase classname="Test_BeforeTestAndBeforeMethod" name="thirdTest" time="0.010"/>
  <system-out/>
</testsuite> <!-- Test_BeforeTestAndBeforeMethod -->
