<?xml version="1.0" encoding="UTF-8"?>
<!-- Generated by org.testng.reporters.JUnitReportReporter -->
<testsuite hostname="Admin" failures="0" tests="1" name="Capabilities" time="16.754" errors="0" timestamp="2023-01-22T23:10:18 IST" skipped="0">
  <testcase classname="Capabilities" name="info" time="16.754"/>
  <system-out/>
</testsuite> <!-- Capabilities -->
