<?xml version="1.0" encoding="UTF-8"?>
<!-- Generated by org.testng.reporters.JUnitReportReporter -->
<testsuite hostname="DESKTOP-717HI1J" failures="0" tests="4" name="com.ecommerce.test.IndexPageTest" time="118.650" errors="0" timestamp="2023-02-10T00:29:17 IST" skipped="0">
  <testcase classname="com.ecommerce.test.IndexPageTest" name="RegistrationbtnTest" time="20.253"/>
  <system-out/>
  <testcase classname="com.ecommerce.test.IndexPageTest" name="verifyTitle" time="23.030"/>
  <system-out/>
  <testcase classname="com.ecommerce.test.IndexPageTest" name="verifyLogoText" time="17.174"/>
  <system-out/>
  <testcase classname="com.ecommerce.test.IndexPageTest" name="validateDisplayLogo" time="58.193"/>
  <system-out/>
</testsuite> <!-- com.ecommerce.test.IndexPageTest -->
