<?xml version="1.0" encoding="UTF-8"?>
<!-- Generated by org.testng.reporters.JUnitReportReporter -->
<testsuite hostname="DESKTOP-NK8MU45" failures="0" tests="1" name="com.ecommerce.tests.TC01_LoginPage" time="7.657" errors="0" timestamp="2023-01-13T20:01:40 IST" skipped="0">
  <testcase classname="com.ecommerce.tests.TC01_LoginPage" name="loginAccount" time="7.657"/>
  <system-out/>
</testsuite> <!-- com.ecommerce.tests.TC01_LoginPage -->
