<?xml version="1.0" encoding="UTF-8"?>
<!-- Generated by org.testng.reporters.JUnitReportReporter -->
<testsuite hostname="Admin" failures="0" tests="3" name="DP" time="15.097" errors="0" timestamp="2023-01-24T13:26:07 IST" skipped="0">
  <testcase classname="DP" name="myTest" time="0.010"/>
  <system-out/>
  <testcase classname="DP" name="myTest" time="0.016"/>
  <system-out/>
  <testcase classname="DP" name="keyScanner" time="15.071"/>
  <system-out/>
</testsuite> <!-- DP -->
