<?xml version="1.0" encoding="UTF-8"?>
<!-- Generated by org.testng.reporters.JUnitReportReporter -->
<testsuite hostname="Admin" failures="0" tests="2" name="DP" time="0.019" errors="0" timestamp="2023-01-23T08:40:31 IST" skipped="0">
  <testcase classname="DP" name="myTest" time="0.007"/>
  <system-out/>
  <testcase classname="DP" name="myTest" time="0.012"/>
  <system-out/>
</testsuite> <!-- DP -->
