<?xml version="1.0" encoding="UTF-8"?>
<!-- Generated by org.testng.reporters.JUnitReportReporter -->
<testsuite hostname="Admin" failures="0" tests="2" name="com.ecommerce.test.LoginPageTest" time="10.307" errors="0" timestamp="2023-01-24T05:52:56 IST" skipped="0">
  <testcase classname="com.ecommerce.test.LoginPageTest" name="loginAccount" time="4.802"/>
  <system-out/>
  <testcase classname="com.ecommerce.test.LoginPageTest" name="loginAccount" time="5.505"/>
  <system-out/>
</testsuite> <!-- com.ecommerce.test.LoginPageTest -->
