<?xml version="1.0" encoding="UTF-8"?>
<!-- Generated by org.testng.reporters.JUnitReportReporter -->
<testsuite hostname="Admin" failures="0" tests="4" name="com.ecommerce.test.IndexPageTest" time="10.167" errors="0" timestamp="2023-01-24T05:52:56 IST" skipped="0">
  <testcase classname="com.ecommerce.test.IndexPageTest" name="RegistrationbtnTest" time="3.142"/>
  <system-out/>
  <testcase classname="com.ecommerce.test.IndexPageTest" name="verifyTitle" time="2.347"/>
  <system-out/>
  <testcase classname="com.ecommerce.test.IndexPageTest" name="verifyLogoText" time="2.344"/>
  <system-out/>
  <testcase classname="com.ecommerce.test.IndexPageTest" name="validateDisplayLogo" time="2.334"/>
  <system-out/>
</testsuite> <!-- com.ecommerce.test.IndexPageTest -->
