<?xml version="1.0" encoding="UTF-8"?>
<!-- Generated by org.testng.reporters.JUnitReportReporter -->
<testsuite hostname="DESKTOP-717HI1J" failures="0" tests="2" name="com.ecommerce.test.RegistrationPageTest" time="57.992" errors="0" timestamp="2023-02-10T00:36:33 IST" skipped="0">
  <testcase classname="com.ecommerce.test.RegistrationPageTest" name="validateRegistration" time="28.511"/>
  <system-out/>
  <testcase classname="com.ecommerce.test.RegistrationPageTest" name="validateRegistration" time="29.481"/>
  <system-out/>
</testsuite> <!-- com.ecommerce.test.RegistrationPageTest -->
