<?xml version="1.0" encoding="UTF-8"?>
<!-- Generated by org.testng.reporters.JUnitReportReporter -->
<testsuite hostname="DESKTOP-717HI1J" failures="0" tests="4" name="com.ecommerce.test.IndexPageTest" time="160.905" errors="0" timestamp="2023-02-10T00:36:33 IST" skipped="0">
  <testcase classname="com.ecommerce.test.IndexPageTest" name="RegistrationbtnTest" time="42.170"/>
  <system-out/>
  <testcase classname="com.ecommerce.test.IndexPageTest" name="verifyTitle" time="49.048"/>
  <system-out/>
  <testcase classname="com.ecommerce.test.IndexPageTest" name="validateDisplayLogo" time="35.003"/>
  <system-out/>
  <testcase classname="com.ecommerce.test.IndexPageTest" name="verifyLogoText" time="34.684"/>
  <system-out/>
</testsuite> <!-- com.ecommerce.test.IndexPageTest -->
