<?xml version="1.0" encoding="UTF-8"?>
<!-- Generated by org.testng.reporters.JUnitReportReporter -->
<testsuite hostname="Admin" failures="0" tests="2" name="com.ecommerce.test.RegistrationPageTest" time="16.048" errors="0" timestamp="2023-01-24T05:52:56 IST" skipped="0">
  <testcase classname="com.ecommerce.test.RegistrationPageTest" name="validateRegistration" time="8.511"/>
  <system-out/>
  <testcase classname="com.ecommerce.test.RegistrationPageTest" name="validateRegistration" time="7.537"/>
  <system-out/>
</testsuite> <!-- com.ecommerce.test.RegistrationPageTest -->
