<?xml version="1.0" encoding="UTF-8"?>
<!-- Generated by org.testng.reporters.JUnitReportReporter -->
<testsuite hostname="DESKTOP-717HI1J" failures="0" tests="2" name="com.ecommerce.test.LoginPageTest" time="80.378" errors="0" timestamp="2023-02-10T00:36:33 IST" skipped="0">
  <testcase classname="com.ecommerce.test.LoginPageTest" name="loginAccount" time="39.368"/>
  <system-out/>
  <testcase classname="com.ecommerce.test.LoginPageTest" name="loginAccount" time="41.010"/>
  <system-out/>
</testsuite> <!-- com.ecommerce.test.LoginPageTest -->
